2024-10-25T11:01:51.136Z [error]: ERROR: createUser: Error al crear usuario (authController.js): MongooseError: Model.create() no longer accepts a callback
2024-10-25T11:04:57.740Z [error]: ERROR: createUser: Error al crear usuario (authController.js): TypeError: newUser.save is not a function
2024-10-25T11:06:28.626Z [error]: ERROR: createUser: Error al crear usuario (authController.js): ReferenceError: user is not defined
2024-10-25T11:07:44.140Z [warn]: 	> createUser: El usuario ya existe (authController.js)
2024-10-25T11:09:10.680Z [info]: 	> usuario: {
  _id: new ObjectId('671b7bb475abaa2a5b1c3703'),
  username: 'Cutiti007',
  password: '123',
  __v: 0
}
2024-10-25T11:09:10.741Z [error]: ERROR: createUser: Error al crear usuario (authController.js): MongoServerError: E11000 duplicate key error collection: test.users index: username_1 dup key: { username: "Cutiti007" }
2024-10-25T11:11:09.167Z [info]: 	> usuario: {
  _id: new ObjectId('671b7bb475abaa2a5b1c3703'),
  username: 'Cutiti007',
  password: '123',
  __v: 0
}
2024-10-25T11:11:09.173Z [warn]: 	> createUser: El usuario ya existe (authController.js)
2024-10-25T11:13:17.147Z [error]: ERROR: createUser: Error al crear usuario (authController.js): MongoServerError: E11000 duplicate key error collection: test.users index: username_1 dup key: { username: "Cutiti007" }
2024-10-25T11:13:46.368Z [info]: 	> createUser: Usuario creado con exito (authController.js)
2024-10-25T11:16:16.785Z [info]: 	> usuario: {
  _id: new ObjectId('671b7d6acfb07fecc7b2b979'),
  username: 'test',
  password: '12345',
  __v: 0
}
2024-10-25T11:16:16.790Z [warn]: 	> createUser: El usuario ya existe (authController.js)
2024-10-25T11:26:39.733Z [info]: 	> usuario: 
2024-10-25T11:26:39.737Z [warn]: 	> createUser: El usuario ya existe (authController.js)
2024-10-25T11:27:40.391Z [info]: 	> usuario: 
2024-10-25T11:27:40.397Z [warn]: 	> createUser: El usuario ya existe (authController.js)
2024-10-25T11:28:37.343Z [info]: 	> usuario: undefined
2024-10-25T11:28:37.362Z [error]: ERROR: createUser: Error al crear usuario (authController.js): ValidationError: password: Cast to string failed for value "Promise { <pending> }" (type Promise) at path "password"
2024-10-25T11:32:36.130Z [error]: 	> Error al hashear password (authController.js): Error: Illegal arguments: string, undefined
2024-10-25T11:33:29.701Z [info]: 	> usuario: undefined
2024-10-25T11:33:29.711Z [error]: ERROR: createUser: Error al crear usuario (authController.js): ValidationError: password: Cast to string failed for value "Promise { <pending> }" (type Promise) at path "password"
2024-10-25T11:34:24.275Z [info]: 	> usuario: undefined
2024-10-25T11:34:24.285Z [error]: ERROR: createUser: Error al crear usuario (authController.js): ValidationError: password: Cast to string failed for value "Promise { <pending> }" (type Promise) at path "password"
2024-10-25T11:37:42.682Z [info]: 	> usuario: undefined
2024-10-25T11:37:42.743Z [info]: 	> createUser: Usuario creado con exito (authController.js)
2024-10-25T11:37:54.165Z [info]: 	> usuario: undefined
2024-10-25T11:37:54.206Z [error]: ERROR: createUser: Error al crear usuario (authController.js): MongoServerError: E11000 duplicate key error collection: test.users index: username_1 dup key: { username: "test2" }
2024-10-25T11:39:22.598Z [warn]: 	> createUser: El usuario ya existe (authController.js)
2024-10-25T11:39:32.419Z [info]: 	> createUser: Usuario creado con exito (authController.js)
2024-10-25T11:39:35.232Z [warn]: 	> createUser: El usuario ya existe (authController.js)
2024-10-25T11:46:12.366Z [info]: 	> Login: Acesso correcto (usuarioController.js)
2024-10-25T11:46:12.372Z [info]: 	> Usuario conectado: "test3" (usuarioController.js)
2024-10-25T11:53:23.704Z [info]: 	> Login: Acesso correcto (authController.js)
2024-10-25T11:53:23.709Z [info]: 	> Usuario conectado: "test3" (authController.js)
2024-10-30T12:29:27.559Z [info]: 	> Login: Acesso correcto (authController.js)
2024-10-30T12:29:27.563Z [info]: 	> Usuario conectado: "test3" (authController.js)
2024-10-30T19:21:31.953Z [info]: 	> Login: Acesso correcto (authController.js)
2024-10-30T19:21:31.960Z [info]: 	> Usuario conectado: "test3" (authController.js)
2024-10-30T19:22:43.090Z [info]: 	> Login: Acesso correcto (authController.js)
2024-10-30T19:22:43.091Z [info]: 	> Usuario conectado: "test3" (authController.js)
2024-10-30T19:38:54.522Z [warn]: 	> Login: No existe el usuario (authController.js)
2024-10-30T19:39:07.437Z [info]: 	> Login: Acesso correcto (authController.js)
2024-10-30T19:39:07.439Z [info]: 	> Usuario conectado: "test3" (authController.js)
2024-10-30T19:39:17.297Z [info]: 	> Login: Acesso correcto (authController.js)
2024-10-30T19:39:17.299Z [info]: 	> Usuario conectado: "test3" (authController.js)
2024-10-30T19:40:23.879Z [info]: 	> Login: Acesso correcto (authController.js)
2024-10-30T19:40:23.886Z [info]: 	> Usuario conectado: "test3" (authController.js)
2024-10-30T19:40:23.887Z [info]: 	> result: [object Object]
2024-10-30T19:40:46.105Z [info]: 	> Login: Acesso correcto (authController.js)
2024-10-30T19:40:46.113Z [info]: 	> Usuario conectado: "test3" (authController.js)
2024-10-30T19:40:46.115Z [info]: 	> result: {"username":"test3","password":"$2a$10$kXYilgv8JpBdgWfPZf3P.um3F06hCQZNnMxTpbzBopBYFeNNBGdpa","accessToken":"eyJhbGciOiJIUzI1NiIsInR5cCI6IkpXVCJ9.eyJpZCI6IjY3MWI4Mzc0ZmE0ZWJkZDQxOGI5NWRkNSIsImlhdCI6MTczMDMxNzI0NiwiZXhwIjoxNzMwNDAzNjQ2fQ.jCyWoaXzD_zZSVHvEC6r1Z2dX29eZYKFuAdI6dCa1oE","expiresIn":86400}
2024-10-30T19:42:52.812Z [info]: 	> Login: Acesso correcto (authController.js)
2024-10-30T19:42:52.819Z [info]: 	> Usuario conectado: "test3" (authController.js)
2024-10-30T19:53:32.642Z [info]: 	> createUser: Usuario creado con exito (authController.js)
2024-10-30T19:56:25.815Z [info]: 	> createUser: Usuario creado con exito (authController.js)
2024-10-30T20:02:57.646Z [info]: 	> createUser: Usuario creado con exito (authController.js)
2024-10-30T20:03:02.755Z [info]: 	> Login: Acesso correcto (authController.js)
2024-10-30T20:03:02.756Z [info]: 	> Usuario conectado: "test" (authController.js)
2024-10-30T20:03:25.747Z [info]: 	> Login: Acesso correcto (authController.js)
2024-10-30T20:03:25.748Z [info]: 	> Usuario conectado: "test" (authController.js)
2024-10-30T20:06:55.277Z [info]: 	> createUser: Usuario creado con exito (authController.js)
2024-10-30T20:07:27.924Z [info]: 	> createUser: Usuario creado con exito (authController.js)
2024-10-30T20:07:31.011Z [info]: 	> Login: Acesso correcto (authController.js)
2024-10-30T20:07:31.012Z [info]: 	> Usuario conectado: "test3" (authController.js)
2024-10-30T20:19:02.908Z [info]: 	> Login: Acesso correcto (authController.js)
2024-10-30T20:19:02.909Z [info]: 	> Usuario conectado: "Cutiti007" (authController.js)
2024-10-30T20:20:49.830Z [info]: 	> Login: Acesso correcto (authController.js)
2024-10-30T20:20:49.832Z [info]: 	> Usuario conectado: "Cutiti007" (authController.js)
2024-10-30T20:26:24.990Z [info]: 	> Login: Acesso correcto (authController.js)
2024-10-30T20:26:24.992Z [info]: 	> Usuario conectado: "Cutiti007" (authController.js)
2024-10-30T20:30:37.978Z [warn]: 	> Login: No existe el usuario (authController.js)
2024-10-30T20:35:45.134Z [warn]: 	> Login: No existe el usuario (authController.js)
2024-10-30T20:35:48.798Z [warn]: 	> Login: No existe el usuario (authController.js)
2024-10-30T20:35:49.249Z [warn]: 	> Login: No existe el usuario (authController.js)
2024-10-30T20:35:49.412Z [warn]: 	> Login: No existe el usuario (authController.js)
2024-10-30T20:35:49.581Z [warn]: 	> Login: No existe el usuario (authController.js)
2024-10-30T20:35:49.835Z [warn]: 	> Login: No existe el usuario (authController.js)
2024-10-30T20:35:50.006Z [warn]: 	> Login: No existe el usuario (authController.js)
2024-10-30T20:35:50.190Z [warn]: 	> Login: No existe el usuario (authController.js)
2024-10-30T20:35:50.328Z [warn]: 	> Login: No existe el usuario (authController.js)
2024-10-30T20:35:50.466Z [warn]: 	> Login: No existe el usuario (authController.js)
2024-10-30T20:35:50.598Z [warn]: 	> Login: No existe el usuario (authController.js)
2024-10-30T20:39:25.342Z [warn]: 	> Login: No existe el usuario (authController.js)
2024-10-30T20:39:41.409Z [warn]: 	> Login: No existe el usuario (authController.js)
2024-10-30T20:39:49.640Z [info]: 	> Login: Acesso correcto (authController.js)
2024-10-30T20:39:49.646Z [info]: 	> Usuario conectado: "test3" (authController.js)
2024-10-31T13:35:25.519Z [info]: 	> Login: Acesso correcto (authController.js)
2024-10-31T13:35:25.521Z [info]: 	> Usuario conectado: "test3" (authController.js)
2024-10-31T13:35:31.872Z [info]: 	> Login: Acesso correcto (authController.js)
2024-10-31T13:35:31.872Z [info]: 	> Usuario conectado: "test3" (authController.js)
2024-10-31T13:46:07.026Z [info]: 	> Login: Acesso correcto (authController.js)
2024-10-31T13:46:07.026Z [info]: 	> Usuario conectado: "test3" (authController.js)
2024-10-31T13:48:07.646Z [info]: 	> Login: Acesso correcto (authController.js)
2024-10-31T13:48:07.647Z [info]: 	> Usuario conectado: "test3" (authController.js)
2024-10-31T13:48:13.576Z [info]: 	> Login: Acesso correcto (authController.js)
2024-10-31T13:48:13.577Z [info]: 	> Usuario conectado: "test3" (authController.js)
2024-10-31T13:51:23.861Z [info]: 	> Login: Acesso correcto (authController.js)
2024-10-31T13:51:23.863Z [info]: 	> Usuario conectado: "test3" (authController.js)
2024-10-31T13:54:08.253Z [info]: 	> Login: Acesso correcto (authController.js)
2024-10-31T13:54:08.254Z [info]: 	> Usuario conectado: "test3" (authController.js)
2024-10-31T15:08:44.650Z [info]: 	> Login: Acesso correcto (authController.js)
2024-10-31T15:08:44.657Z [info]: 	> Usuario conectado: "test3" (authController.js)
2024-10-31T15:13:49.425Z [info]: 	> Login: Acesso correcto (authController.js)
2024-10-31T15:13:49.426Z [info]: 	> Usuario conectado: "test3" (authController.js)
2024-10-31T15:14:29.688Z [info]: 	> Login: Acesso correcto (authController.js)
2024-10-31T15:14:29.689Z [info]: 	> Usuario conectado: "test3" (authController.js)
2024-10-31T15:22:32.752Z [info]: 	> Login: Acesso correcto (authController.js)
2024-10-31T15:22:32.753Z [info]: 	> Usuario conectado: "test3" (authController.js)
2024-10-31T15:23:37.640Z [info]: 	> Login: Acesso correcto (authController.js)
2024-10-31T15:23:37.642Z [info]: 	> Usuario conectado: "test3" (authController.js)
2024-10-31T15:24:34.238Z [info]: 	> Login: Acesso correcto (authController.js)
2024-10-31T15:24:34.239Z [info]: 	> Usuario conectado: "test3" (authController.js)
2024-10-31T15:24:38.223Z [info]: 	> Login: Acesso correcto (authController.js)
2024-10-31T15:24:38.223Z [info]: 	> Usuario conectado: "test3" (authController.js)
2024-10-31T15:24:43.112Z [info]: 	> Login: Acesso correcto (authController.js)
2024-10-31T15:24:43.113Z [info]: 	> Usuario conectado: "test3" (authController.js)
2024-10-31T15:35:21.364Z [info]: 	> Login: Acesso correcto (authController.js)
2024-10-31T15:35:21.365Z [info]: 	> Usuario conectado: "test3" (authController.js)
2024-10-31T15:40:19.405Z [info]: 	> Login: Acesso correcto (authController.js)
2024-10-31T15:40:19.406Z [info]: 	> Usuario conectado: "test3" (authController.js)
2024-10-31T15:53:49.769Z [info]: 	> Login: Acesso correcto (authController.js)
2024-10-31T15:53:49.770Z [info]: 	> Usuario conectado: "test3" (authController.js)
2024-10-31T15:55:26.213Z [info]: 	> Login: Acesso correcto (authController.js)
2024-10-31T15:55:26.213Z [info]: 	> Usuario conectado: "test3" (authController.js)
2024-10-31T15:55:33.642Z [warn]: 	> Login: No existe el usuario (authController.js)
2024-10-31T15:59:08.616Z [warn]: 	> Login: No existe el usuario (authController.js)
2024-10-31T15:59:30.487Z [warn]: 	> Login: No existe el usuario (authController.js)
2024-10-31T15:59:31.719Z [warn]: 	> Login: No existe el usuario (authController.js)
2024-10-31T15:59:32.419Z [warn]: 	> Login: No existe el usuario (authController.js)
2024-10-31T15:59:43.491Z [info]: 	> Login: Acesso correcto (authController.js)
2024-10-31T15:59:43.492Z [info]: 	> Usuario conectado: "test3" (authController.js)
2024-10-31T16:00:11.367Z [info]: 	> Login: Acesso correcto (authController.js)
2024-10-31T16:00:11.368Z [info]: 	> Usuario conectado: "test3" (authController.js)
2024-10-31T16:00:26.555Z [info]: 	> Login: Acesso correcto (authController.js)
2024-10-31T16:00:26.556Z [info]: 	> Usuario conectado: "test3" (authController.js)
2024-10-31T16:00:33.146Z [info]: 	> Login: Acesso correcto (authController.js)
2024-10-31T16:00:33.147Z [info]: 	> Usuario conectado: "test3" (authController.js)
2024-10-31T16:01:36.109Z [warn]: 	> Login: No existe el usuario (authController.js)
2024-10-31T16:02:45.591Z [warn]: 	> Login: No existe el usuario (authController.js)
2024-10-31T16:02:51.889Z [info]: 	> Login: Acesso correcto (authController.js)
2024-10-31T16:02:51.890Z [info]: 	> Usuario conectado: "test3" (authController.js)
2024-10-31T16:03:35.070Z [warn]: 	> Login: No existe el usuario (authController.js)
2024-10-31T16:03:42.206Z [info]: 	> Login: Acesso correcto (authController.js)
2024-10-31T16:03:42.207Z [info]: 	> Usuario conectado: "test3" (authController.js)
2024-10-31T16:04:19.360Z [info]: 	> Login: Acesso correcto (authController.js)
2024-10-31T16:04:19.361Z [info]: 	> Usuario conectado: "test3" (authController.js)
2024-10-31T16:04:37.948Z [info]: 	> Login: Acesso correcto (authController.js)
2024-10-31T16:04:37.949Z [info]: 	> Usuario conectado: "test3" (authController.js)
2024-10-31T16:06:34.113Z [info]: 	> createUser: Usuario creado con exito (authController.js)
2024-10-31T16:06:56.809Z [info]: 	> Login: Acesso correcto (authController.js)
2024-10-31T16:06:56.809Z [info]: 	> Usuario conectado: "TEST999" (authController.js)
2024-10-31T16:45:06.769Z [info]: 	> Login: Acesso correcto (authController.js)
2024-10-31T16:45:06.775Z [info]: 	> Usuario conectado: "TEST999" (authController.js)
2024-10-31T16:50:25.415Z [warn]: 	> Login: No existe el usuario (authController.js)
2024-10-31T16:50:36.688Z [info]: 	> Login: Acesso correcto (authController.js)
2024-10-31T16:50:36.688Z [info]: 	> Usuario conectado: "test3" (authController.js)
2024-10-31T16:52:53.432Z [info]: 	> Login: Acesso correcto (authController.js)
2024-10-31T16:52:53.432Z [info]: 	> Usuario conectado: "test3" (authController.js)
2024-10-31T16:53:01.647Z [info]: 	> Login: Acesso correcto (authController.js)
2024-10-31T16:53:01.648Z [info]: 	> Usuario conectado: "Cutiti007" (authController.js)
2024-10-31T16:54:04.430Z [info]: 	> Login: Acesso correcto (authController.js)
2024-10-31T16:54:04.431Z [info]: 	> Usuario conectado: "TEST999" (authController.js)
2024-10-31T16:54:35.855Z [info]: 	> Login: Acesso correcto (authController.js)
2024-10-31T16:54:35.855Z [info]: 	> Usuario conectado: "TEST999" (authController.js)
2024-10-31T16:54:49.773Z [info]: 	> Login: Acesso correcto (authController.js)
2024-10-31T16:54:49.774Z [info]: 	> Usuario conectado: "test3" (authController.js)
2024-10-31T16:56:03.906Z [info]: 	> Login: Acesso correcto (authController.js)
2024-10-31T16:56:03.907Z [info]: 	> Usuario conectado: "test3" (authController.js)
2024-10-31T17:00:23.382Z [info]: 	> Login: Acesso correcto (authController.js)
2024-10-31T17:00:23.383Z [info]: 	> Usuario conectado: "Cutiti007" (authController.js)
2024-10-31T17:01:11.405Z [info]: 	> Login: Acesso correcto (authController.js)
2024-10-31T17:01:11.406Z [info]: 	> Usuario conectado: "test3" (authController.js)
2024-10-31T17:02:17.340Z [info]: 	> Login: Acesso correcto (authController.js)
2024-10-31T17:02:17.341Z [info]: 	> Usuario conectado: "Cutiti007" (authController.js)
2024-10-31T17:05:05.998Z [info]: 	> Login: Acesso correcto (authController.js)
2024-10-31T17:05:06.000Z [info]: 	> Usuario conectado: "test3" (authController.js)
2024-10-31T17:05:37.872Z [info]: 	> Login: Acesso correcto (authController.js)
2024-10-31T17:05:37.873Z [info]: 	> Usuario conectado: "test3" (authController.js)
2024-10-31T17:05:42.899Z [warn]: 	> Login: No existe el usuario (authController.js)
2024-11-01T18:04:50.963Z [info]: 	> Login: Acesso correcto (authController.js)
2024-11-01T18:04:50.967Z [info]: 	> Usuario conectado: "test3" (authController.js)
2024-11-01T18:18:42.183Z [info]: 	> Login: Acesso correcto (authController.js)
2024-11-01T18:18:42.184Z [info]: 	> Usuario conectado: "test3" (authController.js)
2024-11-01T18:19:32.534Z [info]: 	> Login: Acesso correcto (authController.js)
2024-11-01T18:19:32.535Z [info]: 	> Usuario conectado: "test3" (authController.js)
2024-11-01T18:23:51.969Z [info]: 	> Login: Acesso correcto (authController.js)
2024-11-01T18:23:51.970Z [info]: 	> Usuario conectado: "test3" (authController.js)
2024-11-01T18:34:20.662Z [info]: 	> Login: Acesso correcto (authController.js)
2024-11-01T18:34:20.663Z [info]: 	> Usuario conectado: "test3" (authController.js)
